[2021-05-07 21:54:48] laravel.EMERGENCY: Unable to create configured logger. Using emergency logger. {"exception":"[object] (InvalidArgumentException(code: 0): Log [] is not defined. at /Users/wernergerber/dev/laravel/maela/vendor/laravel/framework/src/Illuminate/Log/LogManager.php:192)
[stacktrace]
#0 /Users/wernergerber/dev/laravel/maela/vendor/laravel/framework/src/Illuminate/Log/LogManager.php(118): Illuminate\\Log\\LogManager->resolve(NULL)
#1 /Users/wernergerber/dev/laravel/maela/vendor/laravel/framework/src/Illuminate/Log/LogManager.php(98): Illuminate\\Log\\LogManager->get(NULL)
#2 /Users/wernergerber/dev/laravel/maela/vendor/laravel/framework/src/Illuminate/Log/LogManager.php(547): Illuminate\\Log\\LogManager->driver()
#3 /Users/wernergerber/dev/laravel/maela/vendor/laravel/framework/src/Illuminate/Foundation/Exceptions/Handler.php(122): Illuminate\\Log\\LogManager->error('syntax error, u...', Array)
#4 /Users/wernergerber/dev/laravel/maela/app/Exceptions/Handler.php(40): Illuminate\\Foundation\\Exceptions\\Handler->report(Object(Symfony\\Component\\Debug\\Exception\\FatalThrowableError))
#5 /Users/wernergerber/dev/laravel/maela/vendor/laravel/framework/src/Illuminate/Foundation/Http/Kernel.php(408): App\\Exceptions\\Handler->report(Object(Symfony\\Component\\Debug\\Exception\\FatalThrowableError))
#6 /Users/wernergerber/dev/laravel/maela/vendor/laravel/framework/src/Illuminate/Foundation/Http/Kernel.php(116): Illuminate\\Foundation\\Http\\Kernel->reportException(Object(Symfony\\Component\\Debug\\Exception\\FatalThrowableError))
#7 /Users/wernergerber/dev/laravel/maela/public/index.php(55): Illuminate\\Foundation\\Http\\Kernel->handle(Object(Illuminate\\Http\\Request))
#8 /Users/wernergerber/.composer/vendor/laravel/valet/server.php(219): require('/Users/wernerge...')
#9 {main}
"} 
[2021-05-07 21:54:48] laravel.ERROR: syntax error, unexpected token "<<", expecting "]" {"exception":"[object] (Symfony\\Component\\Debug\\Exception\\FatalThrowableError(code: 0): syntax error, unexpected token \"<<\", expecting \"]\" at /Users/wernergerber/dev/laravel/maela/config/app.php:177)
[stacktrace]
#0 /Users/wernergerber/dev/laravel/maela/vendor/laravel/framework/src/Illuminate/Foundation/Bootstrap/LoadConfiguration.php(39): Illuminate\\Foundation\\Bootstrap\\LoadConfiguration->loadConfigurationFiles(Object(Illuminate\\Foundation\\Application), Object(Illuminate\\Config\\Repository))
#1 /Users/wernergerber/dev/laravel/maela/vendor/laravel/framework/src/Illuminate/Foundation/Application.php(219): Illuminate\\Foundation\\Bootstrap\\LoadConfiguration->bootstrap(Object(Illuminate\\Foundation\\Application))
#2 /Users/wernergerber/dev/laravel/maela/vendor/laravel/framework/src/Illuminate/Foundation/Http/Kernel.php(156): Illuminate\\Foundation\\Application->bootstrapWith(Array)
#3 /Users/wernergerber/dev/laravel/maela/vendor/laravel/framework/src/Illuminate/Foundation/Http/Kernel.php(140): Illuminate\\Foundation\\Http\\Kernel->bootstrap()
#4 /Users/wernergerber/dev/laravel/maela/vendor/laravel/framework/src/Illuminate/Foundation/Http/Kernel.php(110): Illuminate\\Foundation\\Http\\Kernel->sendRequestThroughRouter(Object(Illuminate\\Http\\Request))
#5 /Users/wernergerber/dev/laravel/maela/public/index.php(55): Illuminate\\Foundation\\Http\\Kernel->handle(Object(Illuminate\\Http\\Request))
#6 /Users/wernergerber/.composer/vendor/laravel/valet/server.php(219): require('/Users/wernerge...')
#7 {main}
"} 
